  dtoa_milo.cpp
e:\vsproject\ajylib\ajylib\AVLTree.hpp(1020): warning C4544: '<unnamed-symbol>': default template argument ignored on this template declaration
  e:\vsproject\ajylib\ajylib\AVLTree.hpp(1011): note: see declaration of '<unnamed-symbol>'
e:\vsproject\ajylib\ajylib\AVLTree.hpp(1032): warning C4544: '<unnamed-symbol>': default template argument ignored on this template declaration
  e:\vsproject\ajylib\ajylib\AVLTree.hpp(1023): note: see declaration of '<unnamed-symbol>'
e:\vsproject\ajylib\ajylib\AVLTree.hpp(1044): warning C4544: '<unnamed-symbol>': default template argument ignored on this template declaration
  e:\vsproject\ajylib\ajylib\AVLTree.hpp(1035): note: see declaration of '<unnamed-symbol>'
  MemoryPool.cpp
e:\vsproject\ajylib\ajylib\AVLTree.hpp(1020): warning C4544: '<unnamed-symbol>': default template argument ignored on this template declaration
  e:\vsproject\ajylib\ajylib\AVLTree.hpp(1011): note: see declaration of '<unnamed-symbol>'
e:\vsproject\ajylib\ajylib\AVLTree.hpp(1032): warning C4544: '<unnamed-symbol>': default template argument ignored on this template declaration
  e:\vsproject\ajylib\ajylib\AVLTree.hpp(1023): note: see declaration of '<unnamed-symbol>'
e:\vsproject\ajylib\ajylib\AVLTree.hpp(1044): warning C4544: '<unnamed-symbol>': default template argument ignored on this template declaration
  e:\vsproject\ajylib\ajylib\AVLTree.hpp(1035): note: see declaration of '<unnamed-symbol>'
  Serialization.cpp
e:\vsproject\ajylib\ajylib\AVLTree.hpp(1020): warning C4544: '<unnamed-symbol>': default template argument ignored on this template declaration
  e:\vsproject\ajylib\ajylib\AVLTree.hpp(1011): note: see declaration of '<unnamed-symbol>'
e:\vsproject\ajylib\ajylib\AVLTree.hpp(1032): warning C4544: '<unnamed-symbol>': default template argument ignored on this template declaration
  e:\vsproject\ajylib\ajylib\AVLTree.hpp(1023): note: see declaration of '<unnamed-symbol>'
e:\vsproject\ajylib\ajylib\AVLTree.hpp(1044): warning C4544: '<unnamed-symbol>': default template argument ignored on this template declaration
  e:\vsproject\ajylib\ajylib\AVLTree.hpp(1035): note: see declaration of '<unnamed-symbol>'
  String.cpp
e:\vsproject\ajylib\ajylib\AVLTree.hpp(1020): warning C4544: '<unnamed-symbol>': default template argument ignored on this template declaration
  e:\vsproject\ajylib\ajylib\AVLTree.hpp(1011): note: see declaration of '<unnamed-symbol>'
e:\vsproject\ajylib\ajylib\AVLTree.hpp(1032): warning C4544: '<unnamed-symbol>': default template argument ignored on this template declaration
  e:\vsproject\ajylib\ajylib\AVLTree.hpp(1023): note: see declaration of '<unnamed-symbol>'
e:\vsproject\ajylib\ajylib\AVLTree.hpp(1044): warning C4544: '<unnamed-symbol>': default template argument ignored on this template declaration
  e:\vsproject\ajylib\ajylib\AVLTree.hpp(1035): note: see declaration of '<unnamed-symbol>'
String.cpp(392): warning C4018: '<': signed/unsigned mismatch
String.cpp(435): warning C4018: '<=': signed/unsigned mismatch
String.cpp(479): warning C4018: '<': signed/unsigned mismatch
String.cpp(484): warning C4018: '<': signed/unsigned mismatch
String.cpp(488): warning C4018: '<': signed/unsigned mismatch
String.cpp(530): warning C4018: '<': signed/unsigned mismatch
String.cpp(535): warning C4018: '<': signed/unsigned mismatch
String.cpp(609): warning C4018: '<': signed/unsigned mismatch
  mainFun.cpp
e:\vsproject\ajylib\ajylib\AVLTree.hpp(1020): warning C4544: '<unnamed-symbol>': default template argument ignored on this template declaration
  e:\vsproject\ajylib\ajylib\AVLTree.hpp(1011): note: see declaration of '<unnamed-symbol>'
e:\vsproject\ajylib\ajylib\AVLTree.hpp(1032): warning C4544: '<unnamed-symbol>': default template argument ignored on this template declaration
  e:\vsproject\ajylib\ajylib\AVLTree.hpp(1023): note: see declaration of '<unnamed-symbol>'
e:\vsproject\ajylib\ajylib\AVLTree.hpp(1044): warning C4544: '<unnamed-symbol>': default template argument ignored on this template declaration
  e:\vsproject\ajylib\ajylib\AVLTree.hpp(1035): note: see declaration of '<unnamed-symbol>'
e:\vsproject\ajylib\ajylib\test\Other_Test.h(108): warning C4584: 'D': base-class 'B' is already a base-class of 'C'
  e:\vsproject\ajylib\ajylib\test\Other_Test.h(94): note: see declaration of 'B'
  e:\vsproject\ajylib\ajylib\test\Other_Test.h(100): note: see declaration of 'C'
e:\vsproject\ajylib\ajylib\test\Vector_Test.h(50): warning C4018: '<': signed/unsigned mismatch
e:\vsproject\ajylib\ajylib\test\Vector_Test.h(68): warning C4018: '<': signed/unsigned mismatch
e:\vsproject\ajylib\ajylib\test\HashMap_Test.h(15): warning C4018: '<': signed/unsigned mismatch
e:\vsproject\ajylib\ajylib\test\HashMap_Test.h(26): warning C4018: '<': signed/unsigned mismatch
e:\vsproject\ajylib\ajylib\test\HashMap_Test.h(32): warning C4018: '<': signed/unsigned mismatch
e:\vsproject\ajylib\ajylib\test\HashMap_Test.h(48): warning C4018: '<': signed/unsigned mismatch
e:\vsproject\ajylib\ajylib\test\HashSet_Test.h(15): warning C4018: '<': signed/unsigned mismatch
e:\vsproject\ajylib\ajylib\test\HashSet_Test.h(26): warning C4018: '<': signed/unsigned mismatch
e:\vsproject\ajylib\ajylib\test\HashSet_Test.h(32): warning C4018: '<': signed/unsigned mismatch
e:\vsproject\ajylib\ajylib\test\Serialization_Test.h(26): warning C4018: '<': signed/unsigned mismatch
e:\vsproject\ajylib\ajylib\test\Serialization_Test.h(30): warning C4018: '<': signed/unsigned mismatch
e:\vsproject\ajylib\ajylib\test\Serialization_Test.h(188): warning C4305: 'argument': truncation from 'double' to 'float'
e:\vsproject\ajylib\ajylib\test\Serialization_Test.h(189): warning C4305: 'argument': truncation from 'double' to 'float'
e:\vsproject\ajylib\ajylib\test\Serialization_Test.h(190): warning C4305: 'argument': truncation from 'double' to 'float'
e:\vsproject\ajylib\ajylib\test\Serialization_Test.h(200): warning C4018: '<': signed/unsigned mismatch
e:\vsproject\ajylib\ajylib\test\Serialization_Test.h(204): warning C4018: '<': signed/unsigned mismatch
e:\vsproject\ajylib\ajylib\test\Serialization_Test.h(241): warning C4018: '<': signed/unsigned mismatch
e:\vsproject\ajylib\ajylib\test\Any_Test.h(68): warning C4018: '<': signed/unsigned mismatch
e:\vsproject\ajylib\ajylib\test\Any_Test.h(82): warning C4018: '<': signed/unsigned mismatch
e:\vsproject\ajylib\ajylib\test\Any_Test.h(111): warning C4018: '<': signed/unsigned mismatch
e:\vsproject\ajylib\ajylib\test\Any_Test.h(124): warning C4018: '<': signed/unsigned mismatch
e:\vsproject\ajylib\ajylib\test\Any_Test.h(132): warning C4018: '<': signed/unsigned mismatch
e:\vsproject\ajylib\ajylib\test\Any_Test.h(92): warning C4996: 'sprintf': This function or variable may be unsafe. Consider using sprintf_s instead. To disable deprecation, use _CRT_SECURE_NO_WARNINGS. See online help for details.
  C:\Program Files (x86)\Windows Kits\10\Include\10.0.10240.0\ucrt\stdio.h(1769): note: see declaration of 'sprintf'
e:\vsproject\ajylib\ajylib\test\CMHashMap_Test.h(30): warning C4018: '<': signed/unsigned mismatch
e:\vsproject\ajylib\ajylib\test\CMHashMap_Test.h(39): warning C4018: '<': signed/unsigned mismatch
e:\vsproject\ajylib\ajylib\test\CMHashSet_Test.h(11): warning C4018: '<': signed/unsigned mismatch
e:\vsproject\ajylib\ajylib\test\CMHashSet_Test.h(19): warning C4018: '<': signed/unsigned mismatch
e:\vsproject\ajylib\ajylib\test\CMHashSet_Test.h(30): warning C4018: '<': signed/unsigned mismatch
e:\vsproject\ajylib\ajylib\test\CMHashSet_Test.h(37): warning C4018: '<': signed/unsigned mismatch
e:\vsproject\ajylib\ajylib\test\CMHashSet_Test.h(44): warning C4018: '<': signed/unsigned mismatch
e:\vsproject\ajylib\ajylib\test\CacheAffinityHash_Test.h(154): warning C4996: 'sprintf': This function or variable may be unsafe. Consider using sprintf_s instead. To disable deprecation, use _CRT_SECURE_NO_WARNINGS. See online help for details.
  C:\Program Files (x86)\Windows Kits\10\Include\10.0.10240.0\ucrt\stdio.h(1769): note: see declaration of 'sprintf'
e:\vsproject\ajylib\ajylib\test\CacheAffinityHash_Test.h(494): warning C4996: 'sprintf': This function or variable may be unsafe. Consider using sprintf_s instead. To disable deprecation, use _CRT_SECURE_NO_WARNINGS. See online help for details.
  C:\Program Files (x86)\Windows Kits\10\Include\10.0.10240.0\ucrt\stdio.h(1769): note: see declaration of 'sprintf'
e:\vsproject\ajylib\ajylib\test\CacheAffinityHash_Test.h(512): warning C4996: 'sprintf': This function or variable may be unsafe. Consider using sprintf_s instead. To disable deprecation, use _CRT_SECURE_NO_WARNINGS. See online help for details.
  C:\Program Files (x86)\Windows Kits\10\Include\10.0.10240.0\ucrt\stdio.h(1769): note: see declaration of 'sprintf'
e:\vsproject\ajylib\ajylib\test\CacheAffinityHash_Test.h(535): warning C4996: 'sprintf': This function or variable may be unsafe. Consider using sprintf_s instead. To disable deprecation, use _CRT_SECURE_NO_WARNINGS. See online help for details.
  C:\Program Files (x86)\Windows Kits\10\Include\10.0.10240.0\ucrt\stdio.h(1769): note: see declaration of 'sprintf'
e:\vsproject\ajylib\ajylib\test\CacheAffinityHash_Test.h(553): warning C4996: 'sprintf': This function or variable may be unsafe. Consider using sprintf_s instead. To disable deprecation, use _CRT_SECURE_NO_WARNINGS. See online help for details.
  C:\Program Files (x86)\Windows Kits\10\Include\10.0.10240.0\ucrt\stdio.h(1769): note: see declaration of 'sprintf'
e:\vsproject\ajylib\ajylib\test\CacheAffinityHash_Test.h(576): warning C4996: 'sprintf': This function or variable may be unsafe. Consider using sprintf_s instead. To disable deprecation, use _CRT_SECURE_NO_WARNINGS. See online help for details.
  C:\Program Files (x86)\Windows Kits\10\Include\10.0.10240.0\ucrt\stdio.h(1769): note: see declaration of 'sprintf'
e:\vsproject\ajylib\ajylib\test\CacheAffinityHash_Test.h(594): warning C4996: 'sprintf': This function or variable may be unsafe. Consider using sprintf_s instead. To disable deprecation, use _CRT_SECURE_NO_WARNINGS. See online help for details.
  C:\Program Files (x86)\Windows Kits\10\Include\10.0.10240.0\ucrt\stdio.h(1769): note: see declaration of 'sprintf'
e:\vsproject\ajylib\ajylib\test\CacheAffinityHash_Test.h(617): warning C4996: 'sprintf': This function or variable may be unsafe. Consider using sprintf_s instead. To disable deprecation, use _CRT_SECURE_NO_WARNINGS. See online help for details.
  C:\Program Files (x86)\Windows Kits\10\Include\10.0.10240.0\ucrt\stdio.h(1769): note: see declaration of 'sprintf'
e:\vsproject\ajylib\ajylib\test\CacheAffinityHash_Test.h(635): warning C4996: 'sprintf': This function or variable may be unsafe. Consider using sprintf_s instead. To disable deprecation, use _CRT_SECURE_NO_WARNINGS. See online help for details.
  C:\Program Files (x86)\Windows Kits\10\Include\10.0.10240.0\ucrt\stdio.h(1769): note: see declaration of 'sprintf'
e:\vsproject\ajylib\ajylib\test\HashMap_Compare.h(173): warning C4018: '<': signed/unsigned mismatch
e:\vsproject\ajylib\ajylib\test\HashMap_Compare.h(189): warning C4018: '<': signed/unsigned mismatch
e:\vsproject\ajylib\ajylib\test\HashMap_Compare.h(211): warning C4018: '<': signed/unsigned mismatch
e:\vsproject\ajylib\ajylib\test\HashMap_Compare.h(228): warning C4018: '<': signed/unsigned mismatch
e:\vsproject\ajylib\ajylib\test\HashMap_Compare.h(252): warning C4018: '<': signed/unsigned mismatch
e:\vsproject\ajylib\ajylib\test\HashMap_Compare.h(449): warning C4018: '<': signed/unsigned mismatch
e:\vsproject\ajylib\ajylib\test\HashMap_Compare.h(465): warning C4018: '<': signed/unsigned mismatch
e:\vsproject\ajylib\ajylib\test\HashMap_Compare.h(487): warning C4018: '<': signed/unsigned mismatch
e:\vsproject\ajylib\ajylib\test\HashMap_Compare.h(504): warning C4018: '<': signed/unsigned mismatch
e:\vsproject\ajylib\ajylib\test\HashMap_Compare.h(528): warning C4018: '<': signed/unsigned mismatch
e:\vsproject\ajylib\ajylib\test\HashMap_Compare.h(620): warning C4018: '<': signed/unsigned mismatch
e:\vsproject\ajylib\ajylib\test\HashMap_Compare.h(647): warning C4018: '<': signed/unsigned mismatch
e:\vsproject\ajylib\ajylib\test\HashMap_Compare.h(660): warning C4018: '<': signed/unsigned mismatch
e:\vsproject\ajylib\ajylib\test\HashMap_Compare.h(682): warning C4018: '<': signed/unsigned mismatch
e:\vsproject\ajylib\ajylib\test\HashMap_Compare.h(891): warning C4018: '<': signed/unsigned mismatch
e:\vsproject\ajylib\ajylib\test\HashMap_Compare.h(933): warning C4018: '<': signed/unsigned mismatch
e:\vsproject\ajylib\ajylib\test\HashMap_Compare.h(955): warning C4018: '<': signed/unsigned mismatch
e:\vsproject\ajylib\ajylib\test\HashMap_Compare.h(981): warning C4018: '<': signed/unsigned mismatch
e:\vsproject\ajylib\ajylib\test\HashMap_Compare.h(713): warning C4996: 'sprintf': This function or variable may be unsafe. Consider using sprintf_s instead. To disable deprecation, use _CRT_SECURE_NO_WARNINGS. See online help for details.
  C:\Program Files (x86)\Windows Kits\10\Include\10.0.10240.0\ucrt\stdio.h(1769): note: see declaration of 'sprintf'
e:\vsproject\ajylib\ajylib\test\HashMap_Compare.h(730): warning C4996: 'sprintf': This function or variable may be unsafe. Consider using sprintf_s instead. To disable deprecation, use _CRT_SECURE_NO_WARNINGS. See online help for details.
  C:\Program Files (x86)\Windows Kits\10\Include\10.0.10240.0\ucrt\stdio.h(1769): note: see declaration of 'sprintf'
e:\vsproject\ajylib\ajylib\test\HashMap_Compare.h(739): warning C4996: 'sprintf': This function or variable may be unsafe. Consider using sprintf_s instead. To disable deprecation, use _CRT_SECURE_NO_WARNINGS. See online help for details.
  C:\Program Files (x86)\Windows Kits\10\Include\10.0.10240.0\ucrt\stdio.h(1769): note: see declaration of 'sprintf'
e:\vsproject\ajylib\ajylib\test\HashMap_Compare.h(754): warning C4996: 'sprintf': This function or variable may be unsafe. Consider using sprintf_s instead. To disable deprecation, use _CRT_SECURE_NO_WARNINGS. See online help for details.
  C:\Program Files (x86)\Windows Kits\10\Include\10.0.10240.0\ucrt\stdio.h(1769): note: see declaration of 'sprintf'
e:\vsproject\ajylib\ajylib\test\HashMap_Compare.h(771): warning C4996: 'sprintf': This function or variable may be unsafe. Consider using sprintf_s instead. To disable deprecation, use _CRT_SECURE_NO_WARNINGS. See online help for details.
  C:\Program Files (x86)\Windows Kits\10\Include\10.0.10240.0\ucrt\stdio.h(1769): note: see declaration of 'sprintf'
e:\vsproject\ajylib\ajylib\test\HashMap_Compare.h(780): warning C4996: 'sprintf': This function or variable may be unsafe. Consider using sprintf_s instead. To disable deprecation, use _CRT_SECURE_NO_WARNINGS. See online help for details.
  C:\Program Files (x86)\Windows Kits\10\Include\10.0.10240.0\ucrt\stdio.h(1769): note: see declaration of 'sprintf'
e:\vsproject\ajylib\ajylib\test\HashMap_Compare.h(800): warning C4996: 'sprintf': This function or variable may be unsafe. Consider using sprintf_s instead. To disable deprecation, use _CRT_SECURE_NO_WARNINGS. See online help for details.
  C:\Program Files (x86)\Windows Kits\10\Include\10.0.10240.0\ucrt\stdio.h(1769): note: see declaration of 'sprintf'
e:\vsproject\ajylib\ajylib\test\HashMap_Compare.h(817): warning C4996: 'sprintf': This function or variable may be unsafe. Consider using sprintf_s instead. To disable deprecation, use _CRT_SECURE_NO_WARNINGS. See online help for details.
  C:\Program Files (x86)\Windows Kits\10\Include\10.0.10240.0\ucrt\stdio.h(1769): note: see declaration of 'sprintf'
e:\vsproject\ajylib\ajylib\test\HashMap_Compare.h(826): warning C4996: 'sprintf': This function or variable may be unsafe. Consider using sprintf_s instead. To disable deprecation, use _CRT_SECURE_NO_WARNINGS. See online help for details.
  C:\Program Files (x86)\Windows Kits\10\Include\10.0.10240.0\ucrt\stdio.h(1769): note: see declaration of 'sprintf'
e:\vsproject\ajylib\ajylib\test\HashMap_Compare.h(841): warning C4996: 'sprintf': This function or variable may be unsafe. Consider using sprintf_s instead. To disable deprecation, use _CRT_SECURE_NO_WARNINGS. See online help for details.
  C:\Program Files (x86)\Windows Kits\10\Include\10.0.10240.0\ucrt\stdio.h(1769): note: see declaration of 'sprintf'
e:\vsproject\ajylib\ajylib\test\HashMap_Compare.h(858): warning C4996: 'sprintf': This function or variable may be unsafe. Consider using sprintf_s instead. To disable deprecation, use _CRT_SECURE_NO_WARNINGS. See online help for details.
  C:\Program Files (x86)\Windows Kits\10\Include\10.0.10240.0\ucrt\stdio.h(1769): note: see declaration of 'sprintf'
e:\vsproject\ajylib\ajylib\test\HashMap_Compare.h(867): warning C4996: 'sprintf': This function or variable may be unsafe. Consider using sprintf_s instead. To disable deprecation, use _CRT_SECURE_NO_WARNINGS. See online help for details.
  C:\Program Files (x86)\Windows Kits\10\Include\10.0.10240.0\ucrt\stdio.h(1769): note: see declaration of 'sprintf'
e:\vsproject\ajylib\ajylib\test\HashMap_Compare.h(884): warning C4996: 'sprintf': This function or variable may be unsafe. Consider using sprintf_s instead. To disable deprecation, use _CRT_SECURE_NO_WARNINGS. See online help for details.
  C:\Program Files (x86)\Windows Kits\10\Include\10.0.10240.0\ucrt\stdio.h(1769): note: see declaration of 'sprintf'
e:\vsproject\ajylib\ajylib\test\HashMap_Compare.h(902): warning C4996: 'sprintf': This function or variable may be unsafe. Consider using sprintf_s instead. To disable deprecation, use _CRT_SECURE_NO_WARNINGS. See online help for details.
  C:\Program Files (x86)\Windows Kits\10\Include\10.0.10240.0\ucrt\stdio.h(1769): note: see declaration of 'sprintf'
e:\vsproject\ajylib\ajylib\test\HashMap_Compare.h(911): warning C4996: 'sprintf': This function or variable may be unsafe. Consider using sprintf_s instead. To disable deprecation, use _CRT_SECURE_NO_WARNINGS. See online help for details.
  C:\Program Files (x86)\Windows Kits\10\Include\10.0.10240.0\ucrt\stdio.h(1769): note: see declaration of 'sprintf'
e:\vsproject\ajylib\ajylib\test\HashMap_Compare.h(926): warning C4996: 'sprintf': This function or variable may be unsafe. Consider using sprintf_s instead. To disable deprecation, use _CRT_SECURE_NO_WARNINGS. See online help for details.
  C:\Program Files (x86)\Windows Kits\10\Include\10.0.10240.0\ucrt\stdio.h(1769): note: see declaration of 'sprintf'
e:\vsproject\ajylib\ajylib\test\HashMap_Compare.h(944): warning C4996: 'sprintf': This function or variable may be unsafe. Consider using sprintf_s instead. To disable deprecation, use _CRT_SECURE_NO_WARNINGS. See online help for details.
  C:\Program Files (x86)\Windows Kits\10\Include\10.0.10240.0\ucrt\stdio.h(1769): note: see declaration of 'sprintf'
e:\vsproject\ajylib\ajylib\test\HashMap_Compare.h(973): warning C4996: 'sprintf': This function or variable may be unsafe. Consider using sprintf_s instead. To disable deprecation, use _CRT_SECURE_NO_WARNINGS. See online help for details.
  C:\Program Files (x86)\Windows Kits\10\Include\10.0.10240.0\ucrt\stdio.h(1769): note: see declaration of 'sprintf'
e:\vsproject\ajylib\ajylib\test\HashMap_Compare.h(992): warning C4996: 'sprintf': This function or variable may be unsafe. Consider using sprintf_s instead. To disable deprecation, use _CRT_SECURE_NO_WARNINGS. See online help for details.
  C:\Program Files (x86)\Windows Kits\10\Include\10.0.10240.0\ucrt\stdio.h(1769): note: see declaration of 'sprintf'
e:\vsproject\ajylib\ajylib\test\HashMap_Compare.h(1001): warning C4996: 'sprintf': This function or variable may be unsafe. Consider using sprintf_s instead. To disable deprecation, use _CRT_SECURE_NO_WARNINGS. See online help for details.
  C:\Program Files (x86)\Windows Kits\10\Include\10.0.10240.0\ucrt\stdio.h(1769): note: see declaration of 'sprintf'
e:\vsproject\ajylib\ajylib\test\HashMultiMap_Compare.h(246): warning C4996: 'sprintf': This function or variable may be unsafe. Consider using sprintf_s instead. To disable deprecation, use _CRT_SECURE_NO_WARNINGS. See online help for details.
  C:\Program Files (x86)\Windows Kits\10\Include\10.0.10240.0\ucrt\stdio.h(1769): note: see declaration of 'sprintf'
e:\vsproject\ajylib\ajylib\test\HashMultiMap_Compare.h(252): warning C4996: 'sprintf': This function or variable may be unsafe. Consider using sprintf_s instead. To disable deprecation, use _CRT_SECURE_NO_WARNINGS. See online help for details.
  C:\Program Files (x86)\Windows Kits\10\Include\10.0.10240.0\ucrt\stdio.h(1769): note: see declaration of 'sprintf'
e:\vsproject\ajylib\ajylib\test\HashMultiMap_Compare.h(285): warning C4996: 'sprintf': This function or variable may be unsafe. Consider using sprintf_s instead. To disable deprecation, use _CRT_SECURE_NO_WARNINGS. See online help for details.
  C:\Program Files (x86)\Windows Kits\10\Include\10.0.10240.0\ucrt\stdio.h(1769): note: see declaration of 'sprintf'
e:\vsproject\ajylib\ajylib\test\HashMultiMap_Compare.h(291): warning C4996: 'sprintf': This function or variable may be unsafe. Consider using sprintf_s instead. To disable deprecation, use _CRT_SECURE_NO_WARNINGS. See online help for details.
  C:\Program Files (x86)\Windows Kits\10\Include\10.0.10240.0\ucrt\stdio.h(1769): note: see declaration of 'sprintf'
e:\vsproject\ajylib\ajylib\test\HashMultiMap_Compare.h(325): warning C4996: 'sprintf': This function or variable may be unsafe. Consider using sprintf_s instead. To disable deprecation, use _CRT_SECURE_NO_WARNINGS. See online help for details.
  C:\Program Files (x86)\Windows Kits\10\Include\10.0.10240.0\ucrt\stdio.h(1769): note: see declaration of 'sprintf'
e:\vsproject\ajylib\ajylib\test\HashMultiMap_Compare.h(331): warning C4996: 'sprintf': This function or variable may be unsafe. Consider using sprintf_s instead. To disable deprecation, use _CRT_SECURE_NO_WARNINGS. See online help for details.
  C:\Program Files (x86)\Windows Kits\10\Include\10.0.10240.0\ucrt\stdio.h(1769): note: see declaration of 'sprintf'
e:\vsproject\ajylib\ajylib\test\HashMultiMap_Compare.h(364): warning C4996: 'sprintf': This function or variable may be unsafe. Consider using sprintf_s instead. To disable deprecation, use _CRT_SECURE_NO_WARNINGS. See online help for details.
  C:\Program Files (x86)\Windows Kits\10\Include\10.0.10240.0\ucrt\stdio.h(1769): note: see declaration of 'sprintf'
e:\vsproject\ajylib\ajylib\test\HashMultiMap_Compare.h(370): warning C4996: 'sprintf': This function or variable may be unsafe. Consider using sprintf_s instead. To disable deprecation, use _CRT_SECURE_NO_WARNINGS. See online help for details.
  C:\Program Files (x86)\Windows Kits\10\Include\10.0.10240.0\ucrt\stdio.h(1769): note: see declaration of 'sprintf'
e:\vsproject\ajylib\ajylib\test\HashSet_Compare.h(154): warning C4018: '<': signed/unsigned mismatch
e:\vsproject\ajylib\ajylib\test\HashSet_Compare.h(175): warning C4018: '<': signed/unsigned mismatch
e:\vsproject\ajylib\ajylib\test\HashSet_Compare.h(197): warning C4018: '<': signed/unsigned mismatch
e:\vsproject\ajylib\ajylib\test\HashSet_Compare.h(422): warning C4018: '<': signed/unsigned mismatch
e:\vsproject\ajylib\ajylib\test\HashSet_Compare.h(453): warning C4018: '<': signed/unsigned mismatch
e:\vsproject\ajylib\ajylib\test\HashSet_Compare.h(477): warning C4018: '<': signed/unsigned mismatch
e:\vsproject\ajylib\ajylib\test\HashSet_Compare.h(502): warning C4018: '<': signed/unsigned mismatch
e:\vsproject\ajylib\ajylib\test\HashSet_Compare.h(231): warning C4996: 'sprintf': This function or variable may be unsafe. Consider using sprintf_s instead. To disable deprecation, use _CRT_SECURE_NO_WARNINGS. See online help for details.
  C:\Program Files (x86)\Windows Kits\10\Include\10.0.10240.0\ucrt\stdio.h(1769): note: see declaration of 'sprintf'
e:\vsproject\ajylib\ajylib\test\HashSet_Compare.h(251): warning C4996: 'sprintf': This function or variable may be unsafe. Consider using sprintf_s instead. To disable deprecation, use _CRT_SECURE_NO_WARNINGS. See online help for details.
  C:\Program Files (x86)\Windows Kits\10\Include\10.0.10240.0\ucrt\stdio.h(1769): note: see declaration of 'sprintf'
e:\vsproject\ajylib\ajylib\test\HashSet_Compare.h(277): warning C4996: 'sprintf': This function or variable may be unsafe. Consider using sprintf_s instead. To disable deprecation, use _CRT_SECURE_NO_WARNINGS. See online help for details.
  C:\Program Files (x86)\Windows Kits\10\Include\10.0.10240.0\ucrt\stdio.h(1769): note: see declaration of 'sprintf'
e:\vsproject\ajylib\ajylib\test\HashSet_Compare.h(297): warning C4996: 'sprintf': This function or variable may be unsafe. Consider using sprintf_s instead. To disable deprecation, use _CRT_SECURE_NO_WARNINGS. See online help for details.
  C:\Program Files (x86)\Windows Kits\10\Include\10.0.10240.0\ucrt\stdio.h(1769): note: see declaration of 'sprintf'
e:\vsproject\ajylib\ajylib\test\HashSet_Compare.h(323): warning C4996: 'sprintf': This function or variable may be unsafe. Consider using sprintf_s instead. To disable deprecation, use _CRT_SECURE_NO_WARNINGS. See online help for details.
  C:\Program Files (x86)\Windows Kits\10\Include\10.0.10240.0\ucrt\stdio.h(1769): note: see declaration of 'sprintf'
e:\vsproject\ajylib\ajylib\test\HashSet_Compare.h(343): warning C4996: 'sprintf': This function or variable may be unsafe. Consider using sprintf_s instead. To disable deprecation, use _CRT_SECURE_NO_WARNINGS. See online help for details.
  C:\Program Files (x86)\Windows Kits\10\Include\10.0.10240.0\ucrt\stdio.h(1769): note: see declaration of 'sprintf'
e:\vsproject\ajylib\ajylib\test\HashSet_Compare.h(369): warning C4996: 'sprintf': This function or variable may be unsafe. Consider using sprintf_s instead. To disable deprecation, use _CRT_SECURE_NO_WARNINGS. See online help for details.
  C:\Program Files (x86)\Windows Kits\10\Include\10.0.10240.0\ucrt\stdio.h(1769): note: see declaration of 'sprintf'
e:\vsproject\ajylib\ajylib\test\HashSet_Compare.h(389): warning C4996: 'sprintf': This function or variable may be unsafe. Consider using sprintf_s instead. To disable deprecation, use _CRT_SECURE_NO_WARNINGS. See online help for details.
  C:\Program Files (x86)\Windows Kits\10\Include\10.0.10240.0\ucrt\stdio.h(1769): note: see declaration of 'sprintf'
e:\vsproject\ajylib\ajylib\test\HashSet_Compare.h(415): warning C4996: 'sprintf': This function or variable may be unsafe. Consider using sprintf_s instead. To disable deprecation, use _CRT_SECURE_NO_WARNINGS. See online help for details.
  C:\Program Files (x86)\Windows Kits\10\Include\10.0.10240.0\ucrt\stdio.h(1769): note: see declaration of 'sprintf'
e:\vsproject\ajylib\ajylib\test\HashSet_Compare.h(436): warning C4996: 'sprintf': This function or variable may be unsafe. Consider using sprintf_s instead. To disable deprecation, use _CRT_SECURE_NO_WARNINGS. See online help for details.
  C:\Program Files (x86)\Windows Kits\10\Include\10.0.10240.0\ucrt\stdio.h(1769): note: see declaration of 'sprintf'
e:\vsproject\ajylib\ajylib\test\HashSet_Compare.h(469): warning C4996: 'sprintf': This function or variable may be unsafe. Consider using sprintf_s instead. To disable deprecation, use _CRT_SECURE_NO_WARNINGS. See online help for details.
  C:\Program Files (x86)\Windows Kits\10\Include\10.0.10240.0\ucrt\stdio.h(1769): note: see declaration of 'sprintf'
e:\vsproject\ajylib\ajylib\test\HashSet_Compare.h(490): warning C4996: 'sprintf': This function or variable may be unsafe. Consider using sprintf_s instead. To disable deprecation, use _CRT_SECURE_NO_WARNINGS. See online help for details.
  C:\Program Files (x86)\Windows Kits\10\Include\10.0.10240.0\ucrt\stdio.h(1769): note: see declaration of 'sprintf'
e:\vsproject\ajylib\ajylib\test\HashSet_Compare.h(606): warning C4018: '<': signed/unsigned mismatch
e:\vsproject\ajylib\ajylib\test\HashSet_Compare.h(633): warning C4018: '<': signed/unsigned mismatch
e:\vsproject\ajylib\ajylib\test\HashSet_Compare.h(655): warning C4018: '<': signed/unsigned mismatch
e:\vsproject\ajylib\ajylib\test\HashSet_Compare.h(676): warning C4018: '<': signed/unsigned mismatch
e:\vsproject\ajylib\ajylib\test\HashMultiSet_Compare.h(245): warning C4996: 'sprintf': This function or variable may be unsafe. Consider using sprintf_s instead. To disable deprecation, use _CRT_SECURE_NO_WARNINGS. See online help for details.
  C:\Program Files (x86)\Windows Kits\10\Include\10.0.10240.0\ucrt\stdio.h(1769): note: see declaration of 'sprintf'
e:\vsproject\ajylib\ajylib\test\HashMultiSet_Compare.h(251): warning C4996: 'sprintf': This function or variable may be unsafe. Consider using sprintf_s instead. To disable deprecation, use _CRT_SECURE_NO_WARNINGS. See online help for details.
  C:\Program Files (x86)\Windows Kits\10\Include\10.0.10240.0\ucrt\stdio.h(1769): note: see declaration of 'sprintf'
e:\vsproject\ajylib\ajylib\test\HashMultiSet_Compare.h(284): warning C4996: 'sprintf': This function or variable may be unsafe. Consider using sprintf_s instead. To disable deprecation, use _CRT_SECURE_NO_WARNINGS. See online help for details.
  C:\Program Files (x86)\Windows Kits\10\Include\10.0.10240.0\ucrt\stdio.h(1769): note: see declaration of 'sprintf'
e:\vsproject\ajylib\ajylib\test\HashMultiSet_Compare.h(290): warning C4996: 'sprintf': This function or variable may be unsafe. Consider using sprintf_s instead. To disable deprecation, use _CRT_SECURE_NO_WARNINGS. See online help for details.
  C:\Program Files (x86)\Windows Kits\10\Include\10.0.10240.0\ucrt\stdio.h(1769): note: see declaration of 'sprintf'
e:\vsproject\ajylib\ajylib\test\HashMultiSet_Compare.h(324): warning C4996: 'sprintf': This function or variable may be unsafe. Consider using sprintf_s instead. To disable deprecation, use _CRT_SECURE_NO_WARNINGS. See online help for details.
  C:\Program Files (x86)\Windows Kits\10\Include\10.0.10240.0\ucrt\stdio.h(1769): note: see declaration of 'sprintf'
e:\vsproject\ajylib\ajylib\test\HashMultiSet_Compare.h(330): warning C4996: 'sprintf': This function or variable may be unsafe. Consider using sprintf_s instead. To disable deprecation, use _CRT_SECURE_NO_WARNINGS. See online help for details.
  C:\Program Files (x86)\Windows Kits\10\Include\10.0.10240.0\ucrt\stdio.h(1769): note: see declaration of 'sprintf'
e:\vsproject\ajylib\ajylib\test\HashMultiSet_Compare.h(363): warning C4996: 'sprintf': This function or variable may be unsafe. Consider using sprintf_s instead. To disable deprecation, use _CRT_SECURE_NO_WARNINGS. See online help for details.
  C:\Program Files (x86)\Windows Kits\10\Include\10.0.10240.0\ucrt\stdio.h(1769): note: see declaration of 'sprintf'
e:\vsproject\ajylib\ajylib\test\HashMultiSet_Compare.h(369): warning C4996: 'sprintf': This function or variable may be unsafe. Consider using sprintf_s instead. To disable deprecation, use _CRT_SECURE_NO_WARNINGS. See online help for details.
  C:\Program Files (x86)\Windows Kits\10\Include\10.0.10240.0\ucrt\stdio.h(1769): note: see declaration of 'sprintf'
e:\vsproject\ajylib\ajylib\test\Map_Compare.h(481): warning C4996: 'sprintf': This function or variable may be unsafe. Consider using sprintf_s instead. To disable deprecation, use _CRT_SECURE_NO_WARNINGS. See online help for details.
  C:\Program Files (x86)\Windows Kits\10\Include\10.0.10240.0\ucrt\stdio.h(1769): note: see declaration of 'sprintf'
e:\vsproject\ajylib\ajylib\test\Map_Compare.h(499): warning C4996: 'sprintf': This function or variable may be unsafe. Consider using sprintf_s instead. To disable deprecation, use _CRT_SECURE_NO_WARNINGS. See online help for details.
  C:\Program Files (x86)\Windows Kits\10\Include\10.0.10240.0\ucrt\stdio.h(1769): note: see declaration of 'sprintf'
e:\vsproject\ajylib\ajylib\test\Map_Compare.h(519): warning C4996: 'sprintf': This function or variable may be unsafe. Consider using sprintf_s instead. To disable deprecation, use _CRT_SECURE_NO_WARNINGS. See online help for details.
  C:\Program Files (x86)\Windows Kits\10\Include\10.0.10240.0\ucrt\stdio.h(1769): note: see declaration of 'sprintf'
e:\vsproject\ajylib\ajylib\test\Map_Compare.h(537): warning C4996: 'sprintf': This function or variable may be unsafe. Consider using sprintf_s instead. To disable deprecation, use _CRT_SECURE_NO_WARNINGS. See online help for details.
  C:\Program Files (x86)\Windows Kits\10\Include\10.0.10240.0\ucrt\stdio.h(1769): note: see declaration of 'sprintf'
e:\vsproject\ajylib\ajylib\test\Map_Compare.h(557): warning C4996: 'sprintf': This function or variable may be unsafe. Consider using sprintf_s instead. To disable deprecation, use _CRT_SECURE_NO_WARNINGS. See online help for details.
  C:\Program Files (x86)\Windows Kits\10\Include\10.0.10240.0\ucrt\stdio.h(1769): note: see declaration of 'sprintf'
e:\vsproject\ajylib\ajylib\test\Map_Compare.h(575): warning C4996: 'sprintf': This function or variable may be unsafe. Consider using sprintf_s instead. To disable deprecation, use _CRT_SECURE_NO_WARNINGS. See online help for details.
  C:\Program Files (x86)\Windows Kits\10\Include\10.0.10240.0\ucrt\stdio.h(1769): note: see declaration of 'sprintf'
e:\vsproject\ajylib\ajylib\test\Map_Compare.h(595): warning C4996: 'sprintf': This function or variable may be unsafe. Consider using sprintf_s instead. To disable deprecation, use _CRT_SECURE_NO_WARNINGS. See online help for details.
  C:\Program Files (x86)\Windows Kits\10\Include\10.0.10240.0\ucrt\stdio.h(1769): note: see declaration of 'sprintf'
e:\vsproject\ajylib\ajylib\test\Map_Compare.h(613): warning C4996: 'sprintf': This function or variable may be unsafe. Consider using sprintf_s instead. To disable deprecation, use _CRT_SECURE_NO_WARNINGS. See online help for details.
  C:\Program Files (x86)\Windows Kits\10\Include\10.0.10240.0\ucrt\stdio.h(1769): note: see declaration of 'sprintf'
e:\vsproject\ajylib\ajylib\test\Map_Compare.h(633): warning C4996: 'sprintf': This function or variable may be unsafe. Consider using sprintf_s instead. To disable deprecation, use _CRT_SECURE_NO_WARNINGS. See online help for details.
  C:\Program Files (x86)\Windows Kits\10\Include\10.0.10240.0\ucrt\stdio.h(1769): note: see declaration of 'sprintf'
e:\vsproject\ajylib\ajylib\test\Map_Compare.h(651): warning C4996: 'sprintf': This function or variable may be unsafe. Consider using sprintf_s instead. To disable deprecation, use _CRT_SECURE_NO_WARNINGS. See online help for details.
  C:\Program Files (x86)\Windows Kits\10\Include\10.0.10240.0\ucrt\stdio.h(1769): note: see declaration of 'sprintf'
e:\vsproject\ajylib\ajylib\test\Map_Compare.h(671): warning C4996: 'sprintf': This function or variable may be unsafe. Consider using sprintf_s instead. To disable deprecation, use _CRT_SECURE_NO_WARNINGS. See online help for details.
  C:\Program Files (x86)\Windows Kits\10\Include\10.0.10240.0\ucrt\stdio.h(1769): note: see declaration of 'sprintf'
e:\vsproject\ajylib\ajylib\test\Map_Compare.h(689): warning C4996: 'sprintf': This function or variable may be unsafe. Consider using sprintf_s instead. To disable deprecation, use _CRT_SECURE_NO_WARNINGS. See online help for details.
  C:\Program Files (x86)\Windows Kits\10\Include\10.0.10240.0\ucrt\stdio.h(1769): note: see declaration of 'sprintf'
e:\vsproject\ajylib\ajylib\CMHashSet.hpp(334): warning C4018: '<': signed/unsigned mismatch
  e:\vsproject\ajylib\ajylib\CMHashSet.hpp(332): note: while compiling class template member function 'void Ajy::CMHashSet<Ajy::String>::CopyFrom(const Ajy::CMHashSet<Ajy::String> &)'
  e:\vsproject\ajylib\ajylib\CMHashSet.hpp(47): note: see reference to function template instantiation 'void Ajy::CMHashSet<Ajy::String>::CopyFrom(const Ajy::CMHashSet<Ajy::String> &)' being compiled
  e:\vsproject\ajylib\ajylib\test\CMHashSet_Test.h(25): note: see reference to class template instantiation 'Ajy::CMHashSet<Ajy::String>' being compiled
e:\vsproject\ajylib\ajylib\CMHashMap.hpp(377): warning C4018: '<': signed/unsigned mismatch
  e:\vsproject\ajylib\ajylib\CMHashMap.hpp(375): note: while compiling class template member function 'void Ajy::CMHashMap<int,int>::CopyFrom(const Ajy::CMHashMap<int,int> &)'
  e:\vsproject\ajylib\ajylib\CMHashMap.hpp(47): note: see reference to function template instantiation 'void Ajy::CMHashMap<int,int>::CopyFrom(const Ajy::CMHashMap<int,int> &)' being compiled
  e:\vsproject\ajylib\ajylib\test\Any_Test.h(102): note: see reference to class template instantiation 'Ajy::CMHashMap<int,int>' being compiled
e:\vsproject\ajylib\ajylib\CMHashSet.hpp(356): warning C4018: '<': signed/unsigned mismatch
  e:\vsproject\ajylib\ajylib\CMHashSet.hpp(355): note: while compiling class template member function 'void Ajy::CMHashSet<std::string>::Dispose(void)'
  e:\vsproject\ajylib\ajylib\CMHashSet.hpp(367): note: see reference to function template instantiation 'void Ajy::CMHashSet<std::string>::Dispose(void)' being compiled
  e:\vsproject\ajylib\ajylib\test\HashSet_Compare.h(411): note: see reference to class template instantiation 'Ajy::CMHashSet<std::string>' being compiled
e:\vsproject\ajylib\ajylib\CMHashMap.hpp(400): warning C4018: '<': signed/unsigned mismatch
  e:\vsproject\ajylib\ajylib\CMHashMap.hpp(399): note: while compiling class template member function 'void Ajy::CMHashMap<std::string,Ajy::String>::Dispose(void)'
  e:\vsproject\ajylib\ajylib\CMHashMap.hpp(412): note: see reference to function template instantiation 'void Ajy::CMHashMap<std::string,Ajy::String>::Dispose(void)' being compiled
  e:\vsproject\ajylib\ajylib\test\HashMap_Compare.h(922): note: see reference to class template instantiation 'Ajy::CMHashMap<std::string,Ajy::String>' being compiled
e:\vsproject\ajylib\ajylib\SkipList.hpp(339): warning C4018: '<': signed/unsigned mismatch
  e:\vsproject\ajylib\ajylib\SkipList.hpp(335): note: while compiling class template member function 'Ajy::SkipListIterator<Value,Value &,Value *> Ajy::SkipList<Value,std::less<_Kty>>::Erase(Ajy::SkipListNode<Value> *)'
          with
          [
              Value=int,
              _Kty=int
          ]
  e:\vsproject\ajylib\ajylib\SkipList.h(60): note: see reference to function template instantiation 'Ajy::SkipListIterator<Value,Value &,Value *> Ajy::SkipList<Value,std::less<_Kty>>::Erase(Ajy::SkipListNode<Value> *)' being compiled
          with
          [
              Value=int,
              _Kty=int
          ]
  e:\vsproject\ajylib\ajylib\test\SkipList_Test.h(9): note: see reference to class template instantiation 'Ajy::SkipList<int,std::less<_Kty>>' being compiled
          with
          [
              _Kty=int
          ]
e:\vsproject\ajylib\ajylib\SkipList.hpp(353): warning C4018: '<': signed/unsigned mismatch
e:\vsproject\ajylib\ajylib\SkipList.hpp(154): warning C4018: '<': signed/unsigned mismatch
  e:\vsproject\ajylib\ajylib\SkipList.hpp(144): note: while compiling class template member function 'void Ajy::SkipList<int,std::less<_Kty>>::Clear(void)'
          with
          [
              _Kty=int
          ]
  e:\vsproject\ajylib\ajylib\test\SkipList_Test.h(81): note: see reference to function template instantiation 'void Ajy::SkipList<int,std::less<_Kty>>::Clear(void)' being compiled
          with
          [
              _Kty=int
          ]
e:\vsproject\ajylib\ajylib\CMHashSet.hpp(202): warning C4018: '<': signed/unsigned mismatch
  e:\vsproject\ajylib\ajylib\CMHashSet.hpp(175): note: while compiling class template member function 'void Ajy::CMHashSet<std::string>::Reserve(size_t)'
  e:\vsproject\ajylib\ajylib\CMHashSet.hpp(139): note: see reference to function template instantiation 'void Ajy::CMHashSet<std::string>::Reserve(size_t)' being compiled
e:\vsproject\ajylib\ajylib\CMHashSet.hpp(212): warning C4018: '<': signed/unsigned mismatch
e:\vsproject\ajylib\ajylib\CMHashMap.hpp(218): warning C4018: '<': signed/unsigned mismatch
  e:\vsproject\ajylib\ajylib\CMHashMap.hpp(190): note: while compiling class template member function 'void Ajy::CMHashMap<std::string,Ajy::String>::Reserve(size_t)'
  e:\vsproject\ajylib\ajylib\CMHashMap.hpp(143): note: see reference to function template instantiation 'void Ajy::CMHashMap<std::string,Ajy::String>::Reserve(size_t)' being compiled
e:\vsproject\ajylib\ajylib\CMHashMap.hpp(230): warning C4018: '<': signed/unsigned mismatch
e:\vsproject\ajylib\ajylib\Stack.hpp(105): warning C4018: '<': signed/unsigned mismatch
  e:\vsproject\ajylib\ajylib\Stack.hpp(104): note: while compiling class template member function 'void Ajy::Stack<Ajy::List<Ajy::String>>::Clear(void)'
  e:\vsproject\ajylib\ajylib\Stack.hpp(94): note: see reference to function template instantiation 'void Ajy::Stack<Ajy::List<Ajy::String>>::Clear(void)' being compiled
  e:\vsproject\ajylib\ajylib\Stack.hpp(18): note: while compiling class template member function 'Ajy::Stack<Ajy::List<Ajy::String>>::Stack(void)'
  e:\vsproject\ajylib\ajylib\test\Stack_Test.h(5): note: see reference to function template instantiation 'Ajy::Stack<Ajy::List<Ajy::String>>::Stack(void)' being compiled
  e:\vsproject\ajylib\ajylib\test\Stack_Test.h(5): note: see reference to class template instantiation 'Ajy::Stack<Ajy::List<Ajy::String>>' being compiled
e:\vsproject\ajylib\ajylib\Stack.hpp(158): warning C4018: '<': signed/unsigned mismatch
  e:\vsproject\ajylib\ajylib\Stack.hpp(144): note: while compiling class template member function 'void Ajy::Stack<Ajy::List<Ajy::String>>::Reserve(size_t)'
  e:\vsproject\ajylib\ajylib\Stack.hpp(183): note: see reference to function template instantiation 'void Ajy::Stack<Ajy::List<Ajy::String>>::Reserve(size_t)' being compiled
e:\vsproject\ajylib\ajylib\Dictionary.hpp(183): warning C4018: '<': signed/unsigned mismatch
  e:\vsproject\ajylib\ajylib\Dictionary.hpp(154): note: while compiling class template member function 'void Ajy::Dictionary<int,int>::Reserve(size_t)'
  e:\vsproject\ajylib\ajylib\Dictionary.hpp(125): note: see reference to function template instantiation 'void Ajy::Dictionary<int,int>::Reserve(size_t)' being compiled
  e:\vsproject\ajylib\ajylib\Dictionary.hpp(27): note: while compiling class template member function 'Ajy::Dictionary<int,int>::Dictionary(const Ajy::Dictionary<int,int> &)'
  e:\vsproject\ajylib\ajylib\test\Dictionary_Test.h(17): note: see reference to function template instantiation 'Ajy::Dictionary<int,int>::Dictionary(const Ajy::Dictionary<int,int> &)' being compiled
  e:\vsproject\ajylib\ajylib\test\Dictionary_Test.h(5): note: see reference to class template instantiation 'Ajy::Dictionary<int,int>' being compiled
e:\vsproject\ajylib\ajylib\Dictionary.hpp(203): warning C4018: '<': signed/unsigned mismatch
e:\vsproject\ajylib\ajylib\Dictionary.hpp(213): warning C4018: '<': signed/unsigned mismatch
e:\vsproject\ajylib\ajylib\Dictionary.hpp(515): warning C4018: '<': signed/unsigned mismatch
  e:\vsproject\ajylib\ajylib\Dictionary.hpp(513): note: while compiling class template member function 'void Ajy::Dictionary<int,int>::FastAdd(const Ajy::Dictionary<int,int> &)'
  e:\vsproject\ajylib\ajylib\Dictionary.hpp(29): note: see reference to function template instantiation 'void Ajy::Dictionary<int,int>::FastAdd(const Ajy::Dictionary<int,int> &)' being compiled
e:\vsproject\ajylib\ajylib\SkipList.hpp(290): warning C4018: '<': signed/unsigned mismatch
  e:\vsproject\ajylib\ajylib\SkipList.hpp(330): note: see reference to function template instantiation 'Ajy::SkipListIterator<Value,Value &,Value *> Ajy::SkipList<Value,std::less<_Kty>>::EmplaceInsert<Value>(Value &&)' being compiled
          with
          [
              Value=int,
              _Kty=int
          ]
  e:\vsproject\ajylib\ajylib\SkipList.hpp(330): note: see reference to function template instantiation 'Ajy::SkipListIterator<Value,Value &,Value *> Ajy::SkipList<Value,std::less<_Kty>>::EmplaceInsert<Value>(Value &&)' being compiled
          with
          [
              Value=int,
              _Kty=int
          ]
  e:\vsproject\ajylib\ajylib\SkipList.hpp(329): note: while compiling class template member function 'Ajy::SkipListIterator<Value,Value &,Value *> Ajy::SkipList<Value,std::less<_Kty>>::Insert(Value &&)'
          with
          [
              Value=int,
              _Kty=int
          ]
  e:\vsproject\ajylib\ajylib\test\SkipList_Test.h(63): note: see reference to function template instantiation 'Ajy::SkipListIterator<Value,Value &,Value *> Ajy::SkipList<Value,std::less<_Kty>>::Insert(Value &&)' being compiled
          with
          [
              Value=int,
              _Kty=int
          ]
e:\vsproject\ajylib\ajylib\SkipList.hpp(302): warning C4018: '<': signed/unsigned mismatch
e:\vsproject\ajylib\ajylib\Dictionary.hpp(534): warning C4018: '<': signed/unsigned mismatch
  e:\vsproject\ajylib\ajylib\Dictionary.hpp(533): note: while compiling class template member function 'void Ajy::Dictionary<int,int>::DeleteKVs(void)'
  e:\vsproject\ajylib\ajylib\Dictionary.hpp(547): note: see reference to function template instantiation 'void Ajy::Dictionary<int,int>::DeleteKVs(void)' being compiled
  e:\vsproject\ajylib\ajylib\Dictionary.hpp(8): note: while compiling class template member function 'Ajy::Dictionary<int,int>::Dictionary(size_t)'
  e:\vsproject\ajylib\ajylib\Dictionary.hpp(27): note: see reference to function template instantiation 'Ajy::Dictionary<int,int>::Dictionary(size_t)' being compiled
e:\vsproject\ajylib\ajylib\SkipList.hpp(183): warning C4018: '<=': signed/unsigned mismatch
  e:\vsproject\ajylib\ajylib\SkipList.hpp(179): note: while compiling class template member function 'Ajy::SkipListNode<Value> *Ajy::SkipList<Value,std::less<_Kty>>::CreateNode(const Value &,size_t)'
          with
          [
              Value=int,
              _Kty=int
          ]
  e:\vsproject\ajylib\ajylib\SkipList.hpp(195): note: see reference to function template instantiation 'Ajy::SkipListNode<Value> *Ajy::SkipList<Value,std::less<_Kty>>::CreateNode(const Value &,size_t)' being compiled
          with
          [
              Value=int,
              _Kty=int
          ]
  e:\vsproject\ajylib\ajylib\SkipList.hpp(192): note: while compiling class template member function 'void Ajy::SkipList<int,std::less<_Kty>>::Init(void)'
          with
          [
              _Kty=int
          ]
  e:\vsproject\ajylib\ajylib\SkipList.hpp(45): note: see reference to function template instantiation 'void Ajy::SkipList<int,std::less<_Kty>>::Init(void)' being compiled
          with
          [
              _Kty=int
          ]
  e:\vsproject\ajylib\ajylib\SkipList.hpp(39): note: while compiling class template member function 'Ajy::SkipList<int,std::less<_Kty>>::SkipList(Ajy::SkipList<int,std::less<_Kty>> &&)'
          with
          [
              _Kty=int
          ]
  e:\vsproject\ajylib\ajylib\test\SkipList_Test.h(90): note: see reference to function template instantiation 'Ajy::SkipList<int,std::less<_Kty>>::SkipList(Ajy::SkipList<int,std::less<_Kty>> &&)' being compiled
          with
          [
              _Kty=int
          ]
  Utils.cpp
e:\vsproject\ajylib\ajylib\AVLTree.hpp(1020): warning C4544: '<unnamed-symbol>': default template argument ignored on this template declaration
  e:\vsproject\ajylib\ajylib\AVLTree.hpp(1011): note: see declaration of '<unnamed-symbol>'
e:\vsproject\ajylib\ajylib\AVLTree.hpp(1032): warning C4544: '<unnamed-symbol>': default template argument ignored on this template declaration
  e:\vsproject\ajylib\ajylib\AVLTree.hpp(1023): note: see declaration of '<unnamed-symbol>'
e:\vsproject\ajylib\ajylib\AVLTree.hpp(1044): warning C4544: '<unnamed-symbol>': default template argument ignored on this template declaration
  e:\vsproject\ajylib\ajylib\AVLTree.hpp(1035): note: see declaration of '<unnamed-symbol>'
Utils.cpp(87): warning C4018: '<': signed/unsigned mismatch
  Vector.cpp
e:\vsproject\ajylib\ajylib\AVLTree.hpp(1020): warning C4544: '<unnamed-symbol>': default template argument ignored on this template declaration
  e:\vsproject\ajylib\ajylib\AVLTree.hpp(1011): note: see declaration of '<unnamed-symbol>'
e:\vsproject\ajylib\ajylib\AVLTree.hpp(1032): warning C4544: '<unnamed-symbol>': default template argument ignored on this template declaration
  e:\vsproject\ajylib\ajylib\AVLTree.hpp(1023): note: see declaration of '<unnamed-symbol>'
e:\vsproject\ajylib\ajylib\AVLTree.hpp(1044): warning C4544: '<unnamed-symbol>': default template argument ignored on this template declaration
  e:\vsproject\ajylib\ajylib\AVLTree.hpp(1035): note: see declaration of '<unnamed-symbol>'
  Generating code
  All 362 functions were compiled because no usable IPDB/IOBJ from previous compilation was found.
  Finished generating code
  AjyLib.vcxproj -> E:\VSProject\AjyLib\Release\AjyLib.exe
