c:\self\vsproject\ajylib\ajylib\debug\vc140.pdb
c:\self\vsproject\ajylib\ajylib\debug\vc140.idb
c:\self\vsproject\ajylib\ajylib\debug\memorypool.obj
c:\self\vsproject\ajylib\ajylib\debug\serialization.obj
c:\self\vsproject\ajylib\ajylib\debug\string.obj
c:\self\vsproject\ajylib\ajylib\debug\mainfun.obj
c:\self\vsproject\ajylib\ajylib\debug\utils.obj
c:\self\vsproject\ajylib\ajylib\debug\vector.obj
c:\self\vsproject\ajylib\ajylib\debug\dtoa_milo.obj
c:\self\vsproject\ajylib\debug\ajylib.ilk
c:\self\vsproject\ajylib\debug\ajylib.exe
c:\self\vsproject\ajylib\debug\ajylib.pdb
c:\self\vsproject\ajylib\ajylib\debug\ajylib.tlog\cl.command.1.tlog
c:\self\vsproject\ajylib\ajylib\debug\ajylib.tlog\cl.read.1.tlog
c:\self\vsproject\ajylib\ajylib\debug\ajylib.tlog\cl.write.1.tlog
c:\self\vsproject\ajylib\ajylib\debug\ajylib.tlog\link.13152.delete.1.tlog
c:\self\vsproject\ajylib\ajylib\debug\ajylib.tlog\link.14080.delete.1.tlog
c:\self\vsproject\ajylib\ajylib\debug\ajylib.tlog\link.14096.delete.1.tlog
c:\self\vsproject\ajylib\ajylib\debug\ajylib.tlog\link.16392.delete.1.tlog
c:\self\vsproject\ajylib\ajylib\debug\ajylib.tlog\link.18544.delete.1.tlog
c:\self\vsproject\ajylib\ajylib\debug\ajylib.tlog\link.21004.delete.1.tlog
c:\self\vsproject\ajylib\ajylib\debug\ajylib.tlog\link.22356.delete.1.tlog
c:\self\vsproject\ajylib\ajylib\debug\ajylib.tlog\link.4360.delete.1.tlog
c:\self\vsproject\ajylib\ajylib\debug\ajylib.tlog\link.command.1.tlog
c:\self\vsproject\ajylib\ajylib\debug\ajylib.tlog\link.delete.1.tlog
c:\self\vsproject\ajylib\ajylib\debug\ajylib.tlog\link.read.1.tlog
c:\self\vsproject\ajylib\ajylib\debug\ajylib.tlog\link.write.1.tlog
